<?xml version="1.0" encoding="UTF-8" ?>
<testsuite tests="13" failures="0" name="adt.queue.StudentQueueTest" time="0.001" errors="0" skipped="0">
  <properties>
    <property name="java.runtime.name" value="OpenJDK Runtime Environment"/>
    <property name="java.vm.version" value="21.0.2+13-58"/>
    <property name="sun.boot.library.path" value="/home/alisson/.sdkman/candidates/java/21.0.2-open/lib"/>
    <property name="maven.multiModuleProjectDirectory" value="/mnt/c/Users/aliss/OneDrive/Documentos/GitHub/LEDA/R08-01-Rot-Linked-list-environment"/>
    <property name="java.vm.vendor" value="Oracle Corporation"/>
    <property name="java.vendor.url" value="https://java.oracle.com/"/>
    <property name="path.separator" value=":"/>
    <property name="guice.disable.misplaced.annotation.check" value="true"/>
    <property name="java.vm.name" value="OpenJDK 64-Bit Server VM"/>
    <property name="sun.java.launcher" value="SUN_STANDARD"/>
    <property name="java.vm.specification.name" value="Java Virtual Machine Specification"/>
    <property name="user.dir" value="/mnt/c/Users/aliss/OneDrive/Documentos/GitHub/LEDA/R08-01-Rot-Linked-list-environment"/>
    <property name="java.vm.compressedOopsMode" value="32-bit"/>
    <property name="java.runtime.version" value="21.0.2+13-58"/>
    <property name="os.arch" value="amd64"/>
    <property name="java.io.tmpdir" value="/tmp"/>
    <property name="line.separator" value="
"/>
    <property name="java.vm.specification.vendor" value="Oracle Corporation"/>
    <property name="stderr.encoding" value="UTF-8"/>
    <property name="os.name" value="Linux"/>
    <property name="classworlds.conf" value="/usr/share/maven/bin/m2.conf"/>
    <property name="sun.jnu.encoding" value="UTF-8"/>
    <property name="stdout.encoding" value="UTF-8"/>
    <property name="java.library.path" value="/usr/java/packages/lib:/usr/lib64:/lib64:/lib:/usr/lib"/>
    <property name="maven.conf" value="/usr/share/maven/conf"/>
    <property name="jdk.debug" value="release"/>
    <property name="java.class.version" value="65.0"/>
    <property name="java.specification.name" value="Java Platform API Specification"/>
    <property name="sun.management.compiler" value="HotSpot 64-Bit Tiered Compilers"/>
    <property name="os.version" value="5.15.146.1-microsoft-standard-WSL2"/>
    <property name="library.jansi.path" value="/usr/share/maven/lib/jansi-native"/>
    <property name="user.home" value="/home/alisson"/>
    <property name="user.timezone" value="America/Sao_Paulo"/>
    <property name="file.encoding" value="UTF-8"/>
    <property name="java.specification.version" value="21"/>
    <property name="user.name" value="alisson"/>
    <property name="java.class.path" value="/usr/share/maven/boot/plexus-classworlds-2.x.jar"/>
    <property name="java.vm.specification.version" value="21"/>
    <property name="sun.arch.data.model" value="64"/>
    <property name="sun.java.command" value="org.codehaus.plexus.classworlds.launcher.Launcher install"/>
    <property name="java.home" value="/home/alisson/.sdkman/candidates/java/21.0.2-open"/>
    <property name="user.language" value="en"/>
    <property name="java.specification.vendor" value="Oracle Corporation"/>
    <property name="java.vm.info" value="mixed mode, sharing"/>
    <property name="java.version" value="21.0.2"/>
    <property name="native.encoding" value="UTF-8"/>
    <property name="java.vendor" value="Oracle Corporation"/>
    <property name="maven.home" value="/usr/share/maven"/>
    <property name="file.separator" value="/"/>
    <property name="java.version.date" value="2024-01-16"/>
    <property name="java.vendor.url.bug" value="https://bugreport.java.com/bugreport/"/>
    <property name="sun.io.unicode.encoding" value="UnicodeLittle"/>
    <property name="sun.cpu.endian" value="little"/>
  </properties>
  <testcase classname="adt.queue.StudentQueueTest" name="testEnqueue" time="0"/>
  <testcase classname="adt.queue.StudentQueueTest" name="testIsFullQueue3" time="0"/>
  <testcase classname="adt.queue.StudentQueueTest" name="testEnqueueQueue3" time="0"/>
  <testcase classname="adt.queue.StudentQueueTest" name="testEnqueueQueue4" time="0"/>
  <testcase classname="adt.queue.StudentQueueTest" name="testHead" time="0"/>
  <testcase classname="adt.queue.StudentQueueTest" name="testHeadQueue3Vazia" time="0.001"/>
  <testcase classname="adt.queue.StudentQueueTest" name="testDequeueComErro" time="0"/>
  <testcase classname="adt.queue.StudentQueueTest" name="testDequeue" time="0"/>
  <testcase classname="adt.queue.StudentQueueTest" name="testIsFull" time="0"/>
  <testcase classname="adt.queue.StudentQueueTest" name="testIsEmptyQueue3" time="0"/>
  <testcase classname="adt.queue.StudentQueueTest" name="testIsEmpty" time="0"/>
  <testcase classname="adt.queue.StudentQueueTest" name="testDequeueQueue3" time="0"/>
  <testcase classname="adt.queue.StudentQueueTest" name="testEnqueueComErro" time="0"/>
</testsuite>